2024-04-17 14:24:45 - ERROR - YoutubeTranscriptTool.py:20 - No subtitles available for video ID y9Daj1vegzU: 
Could not retrieve a transcript for the video https://www.youtube.com/watch?v=y9Daj1vegzU! This is most likely caused by:

Subtitles are disabled for this video

If you are sure that the described cause is not responsible for this error and that a transcript should be retrievable, please create an issue at https://github.com/jdepoix/youtube-transcript-api/issues. Please add which version of youtube_transcript_api you are using and provide the information needed to replicate the error. Also make sure that there are no open issues which already describe your problem!
2024-04-17 14:32:50 - ERROR - YoutubeTranscriptTool.py:66 - Error processing video information: 'Video ID'
2024-04-17 14:35:20 - ERROR - YoutubeTranscriptTool.py:41 - No subtitles available for video ID y9Daj1vegzU: 
Could not retrieve a transcript for the video https://www.youtube.com/watch?v=y9Daj1vegzU! This is most likely caused by:

Subtitles are disabled for this video

If you are sure that the described cause is not responsible for this error and that a transcript should be retrievable, please create an issue at https://github.com/jdepoix/youtube-transcript-api/issues. Please add which version of youtube_transcript_api you are using and provide the information needed to replicate the error. Also make sure that there are no open issues which already describe your problem!
2024-04-17 14:42:09 - ERROR - YoutubeTranscriptTool.py:48 - No subtitles available for video ID y9Daj1vegzU: 
Could not retrieve a transcript for the video https://www.youtube.com/watch?v=y9Daj1vegzU! This is most likely caused by:

Subtitles are disabled for this video

If you are sure that the described cause is not responsible for this error and that a transcript should be retrievable, please create an issue at https://github.com/jdepoix/youtube-transcript-api/issues. Please add which version of youtube_transcript_api you are using and provide the information needed to replicate the error. Also make sure that there are no open issues which already describe your problem!
2024-04-17 14:42:45 - INFO - YoutubeTranscriptTool.py:71 - Video ID OQbNFDfTDUk already exists or is missing.
2024-04-17 14:42:50 - ERROR - YoutubeTranscriptTool.py:48 - No subtitles available for video ID y9Daj1vegzU: 
Could not retrieve a transcript for the video https://www.youtube.com/watch?v=y9Daj1vegzU! This is most likely caused by:

Subtitles are disabled for this video

If you are sure that the described cause is not responsible for this error and that a transcript should be retrievable, please create an issue at https://github.com/jdepoix/youtube-transcript-api/issues. Please add which version of youtube_transcript_api you are using and provide the information needed to replicate the error. Also make sure that there are no open issues which already describe your problem!
2024-04-17 14:42:50 - INFO - YoutubeTranscriptTool.py:71 - Video ID HPgx8ZkMLto already exists or is missing.
2024-04-17 14:42:50 - INFO - YoutubeTranscriptTool.py:71 - Video ID 6wU101ialgQ already exists or is missing.
2024-04-17 14:47:13 - INFO - __init__.py:49 - file_cache is only supported with oauth2client<4.0.0
2024-04-17 15:05:47 - INFO - __init__.py:49 - file_cache is only supported with oauth2client<4.0.0
2024-04-17 15:05:48 - ERROR - YoutubeSerach.py:81 - Failed to complete search: string indices must be integers, not 'str'
2024-04-17 15:14:47 - ERROR - YoutubeSerach.py:85 - Failed to complete search: string indices must be integers, not 'str'
2024-04-17 17:39:51 - ERROR - YoutubeSerach.py:89 - Failed to complete search: string indices must be integers, not 'str'
2024-04-17 17:41:17 - ERROR - YoutubeSerach.py:89 - Failed to complete search: string indices must be integers, not 'str'
2024-04-17 17:43:33 - ERROR - YoutubeSerach.py:89 - Failed to complete search: string indices must be integers, not 'str'
2024-04-17 17:46:08 - ERROR - YoutubeSerach.py:95 - Failed to complete search: string indices must be integers, not 'str'
2024-04-17 17:49:40 - ERROR - YoutubeSerach.py:110 - Failed to complete search due to an unexpected error: string indices must be integers, not 'str'
